<?xml version="1.0" encoding="UTF-8"?>
<!-- Generated by org.testng.reporters.JUnitXMLReporter -->
<testsuite ignored="0" hostname="trv4037" failures="0" tests="3" name="Default test" time="28.952" errors="0" timestamp="2020-10-30T15:30:43 CET">
  <testcase classname="tests.LoginTest" name="UserCanLoginWithValidCredentials" time="4.575"/>
  <testcase classname="tests.LoginTest" name="UserCanNotLoginWithInvalidCredentials" time="1.474"/>
  <testcase classname="tests.LoginTest" name="UserIsAbleToRestHisPassword" time="3.074"/>
</testsuite> <!-- Default test -->
